<?xml version="1.0" encoding="UTF-8"?>
<testsuite name="addQuestion" tests="1" skipped="0" failures="0" errors="0" timestamp="2019-11-20T00:17:57" hostname="DESKTOP-E6JG4C3" time="0.081">
  <properties/>
  <testcase name="testCase1()" classname="addQuestion" time="0.081"/>
  <system-out><![CDATA[]]></system-out>
  <system-err><![CDATA[]]></system-err>
</testsuite>
